ins 20 1
Pre  Order : [20,1] 
In   Order : [20,1] 
Post Order : [20,1] 
Number of Nodes : 1
Height : 1

del 20
Pre  Order : 
In   Order : 
Post Order : 
Number of Nodes : 0
Height : 0

ins 20 1
Pre  Order : [20,1] 
In   Order : [20,1] 
Post Order : [20,1] 
Number of Nodes : 1
Height : 1

get 20
Item 20 1
Pre  Order : [20,1] 
In   Order : [20,1] 
Post Order : [20,1] 
Number of Nodes : 1
Height : 1

ins 10 2
Pre  Order : [20,1] [10,2] 
In   Order : [10,2] [20,1] 
Post Order : [10,2] [20,1] 
Number of Nodes : 2
Height : 2

get 10
Item 10 2
Pre  Order : [20,1] [10,2] 
In   Order : [10,2] [20,1] 
Post Order : [10,2] [20,1] 
Number of Nodes : 2
Height : 2

ins 40 3
Pre  Order : [20,1] [10,2] [40,3] 
In   Order : [10,2] [20,1] [40,3] 
Post Order : [10,2] [40,3] [20,1] 
Number of Nodes : 3
Height : 2

ins 6 4
Pre  Order : [20,1] [10,2] [6,4] [40,3] 
In   Order : [6,4] [10,2] [20,1] [40,3] 
Post Order : [6,4] [10,2] [40,3] [20,1] 
Number of Nodes : 4
Height : 3

ins 15 5
Pre  Order : [20,1] [10,2] [6,4] [15,5] [40,3] 
In   Order : [6,4] [10,2] [15,5] [20,1] [40,3] 
Post Order : [6,4] [15,5] [10,2] [40,3] [20,1] 
Number of Nodes : 5
Height : 3

get 10
Item 10 2
Pre  Order : [20,1] [10,2] [6,4] [15,5] [40,3] 
In   Order : [6,4] [10,2] [15,5] [20,1] [40,3] 
Post Order : [6,4] [15,5] [10,2] [40,3] [20,1] 
Number of Nodes : 5
Height : 3

ins 30 6
Pre  Order : [20,1] [10,2] [6,4] [15,5] [40,3] [30,6] 
In   Order : [6,4] [10,2] [15,5] [20,1] [30,6] [40,3] 
Post Order : [6,4] [15,5] [10,2] [30,6] [40,3] [20,1] 
Number of Nodes : 6
Height : 3

ins 2 7
Pre  Order : [20,1] [10,2] [6,4] [2,7] [15,5] [40,3] [30,6] 
In   Order : [2,7] [6,4] [10,2] [15,5] [20,1] [30,6] [40,3] 
Post Order : [2,7] [6,4] [15,5] [10,2] [30,6] [40,3] [20,1] 
Number of Nodes : 7
Height : 4

ins 2 7
Existing Key
Pre  Order : [20,1] [10,2] [6,4] [2,7] [15,5] [40,3] [30,6] 
In   Order : [2,7] [6,4] [10,2] [15,5] [20,1] [30,6] [40,3] 
Post Order : [2,7] [6,4] [15,5] [10,2] [30,6] [40,3] [20,1] 
Number of Nodes : 7
Height : 4

ins 8 8
Pre  Order : [20,1] [10,2] [6,4] [2,7] [8,8] [15,5] [40,3] [30,6] 
In   Order : [2,7] [6,4] [8,8] [10,2] [15,5] [20,1] [30,6] [40,3] 
Post Order : [2,7] [8,8] [6,4] [15,5] [10,2] [30,6] [40,3] [20,1] 
Number of Nodes : 8
Height : 4

ins 25 9
Pre  Order : [20,1] [10,2] [6,4] [2,7] [8,8] [15,5] [40,3] [30,6] [25,9] 
In   Order : [2,7] [6,4] [8,8] [10,2] [15,5] [20,1] [25,9] [30,6] [40,3] 
Post Order : [2,7] [8,8] [6,4] [15,5] [10,2] [25,9] [30,6] [40,3] [20,1] 
Number of Nodes : 9
Height : 4

get 30
Item 30 6
Pre  Order : [20,1] [10,2] [6,4] [2,7] [8,8] [15,5] [40,3] [30,6] [25,9] 
In   Order : [2,7] [6,4] [8,8] [10,2] [15,5] [20,1] [25,9] [30,6] [40,3] 
Post Order : [2,7] [8,8] [6,4] [15,5] [10,2] [25,9] [30,6] [40,3] [20,1] 
Number of Nodes : 9
Height : 4

ins 35 10
Pre  Order : [20,1] [10,2] [6,4] [2,7] [8,8] [15,5] [40,3] [30,6] [25,9] [35,10] 
In   Order : [2,7] [6,4] [8,8] [10,2] [15,5] [20,1] [25,9] [30,6] [35,10] [40,3] 
Post Order : [2,7] [8,8] [6,4] [15,5] [10,2] [25,9] [35,10] [30,6] [40,3] [20,1] 
Number of Nodes : 10
Height : 4

ins 7 11
Pre  Order : [20,1] [10,2] [6,4] [2,7] [8,8] [7,11] [15,5] [40,3] [30,6] [25,9] [35,10] 
In   Order : [2,7] [6,4] [7,11] [8,8] [10,2] [15,5] [20,1] [25,9] [30,6] [35,10] [40,3] 
Post Order : [2,7] [7,11] [8,8] [6,4] [15,5] [10,2] [25,9] [35,10] [30,6] [40,3] [20,1] 
Number of Nodes : 11
Height : 5

ins 18 12
Pre  Order : [20,1] [10,2] [6,4] [2,7] [8,8] [7,11] [15,5] [18,12] [40,3] [30,6] [25,9] [35,10] 
In   Order : [2,7] [6,4] [7,11] [8,8] [10,2] [15,5] [18,12] [20,1] [25,9] [30,6] [35,10] [40,3] 
Post Order : [2,7] [7,11] [8,8] [6,4] [18,12] [15,5] [10,2] [25,9] [35,10] [30,6] [40,3] [20,1] 
Number of Nodes : 12
Height : 5

del 7
Pre  Order : [20,1] [10,2] [6,4] [2,7] [8,8] [15,5] [18,12] [40,3] [30,6] [25,9] [35,10] 
In   Order : [2,7] [6,4] [8,8] [10,2] [15,5] [18,12] [20,1] [25,9] [30,6] [35,10] [40,3] 
Post Order : [2,7] [8,8] [6,4] [18,12] [15,5] [10,2] [25,9] [35,10] [30,6] [40,3] [20,1] 
Number of Nodes : 11
Height : 4

ins 7 13
Pre  Order : [20,1] [10,2] [6,4] [2,7] [8,8] [7,13] [15,5] [18,12] [40,3] [30,6] [25,9] [35,10] 
In   Order : [2,7] [6,4] [7,13] [8,8] [10,2] [15,5] [18,12] [20,1] [25,9] [30,6] [35,10] [40,3] 
Post Order : [2,7] [7,13] [8,8] [6,4] [18,12] [15,5] [10,2] [25,9] [35,10] [30,6] [40,3] [20,1] 
Number of Nodes : 12
Height : 5

del 35
Pre  Order : [20,1] [10,2] [6,4] [2,7] [8,8] [7,13] [15,5] [18,12] [40,3] [30,6] [25,9] 
In   Order : [2,7] [6,4] [7,13] [8,8] [10,2] [15,5] [18,12] [20,1] [25,9] [30,6] [40,3] 
Post Order : [2,7] [7,13] [8,8] [6,4] [18,12] [15,5] [10,2] [25,9] [30,6] [40,3] [20,1] 
Number of Nodes : 11
Height : 5

ins 35 14
Pre  Order : [20,1] [10,2] [6,4] [2,7] [8,8] [7,13] [15,5] [18,12] [40,3] [30,6] [25,9] [35,14] 
In   Order : [2,7] [6,4] [7,13] [8,8] [10,2] [15,5] [18,12] [20,1] [25,9] [30,6] [35,14] [40,3] 
Post Order : [2,7] [7,13] [8,8] [6,4] [18,12] [15,5] [10,2] [25,9] [35,14] [30,6] [40,3] [20,1] 
Number of Nodes : 12
Height : 5

del 124
Cannot Delete, Non Existing Key
Pre  Order : [20,1] [10,2] [6,4] [2,7] [8,8] [7,13] [15,5] [18,12] [40,3] [30,6] [25,9] [35,14] 
In   Order : [2,7] [6,4] [7,13] [8,8] [10,2] [15,5] [18,12] [20,1] [25,9] [30,6] [35,14] [40,3] 
Post Order : [2,7] [7,13] [8,8] [6,4] [18,12] [15,5] [10,2] [25,9] [35,14] [30,6] [40,3] [20,1] 
Number of Nodes : 12
Height : 5

get 15
Item 15 5
Pre  Order : [20,1] [10,2] [6,4] [2,7] [8,8] [7,13] [15,5] [18,12] [40,3] [30,6] [25,9] [35,14] 
In   Order : [2,7] [6,4] [7,13] [8,8] [10,2] [15,5] [18,12] [20,1] [25,9] [30,6] [35,14] [40,3] 
Post Order : [2,7] [7,13] [8,8] [6,4] [18,12] [15,5] [10,2] [25,9] [35,14] [30,6] [40,3] [20,1] 
Number of Nodes : 12
Height : 5

del 40
Pre  Order : [20,1] [10,2] [6,4] [2,7] [8,8] [7,13] [15,5] [18,12] [30,6] [25,9] [35,14] 
In   Order : [2,7] [6,4] [7,13] [8,8] [10,2] [15,5] [18,12] [20,1] [25,9] [30,6] [35,14] 
Post Order : [2,7] [7,13] [8,8] [6,4] [18,12] [15,5] [10,2] [25,9] [35,14] [30,6] [20,1] 
Number of Nodes : 11
Height : 5

get 10
Item 10 2
Pre  Order : [20,1] [10,2] [6,4] [2,7] [8,8] [7,13] [15,5] [18,12] [30,6] [25,9] [35,14] 
In   Order : [2,7] [6,4] [7,13] [8,8] [10,2] [15,5] [18,12] [20,1] [25,9] [30,6] [35,14] 
Post Order : [2,7] [7,13] [8,8] [6,4] [18,12] [15,5] [10,2] [25,9] [35,14] [30,6] [20,1] 
Number of Nodes : 11
Height : 5

ins 40 15
Pre  Order : [20,1] [10,2] [6,4] [2,7] [8,8] [7,13] [15,5] [18,12] [30,6] [25,9] [35,14] [40,15] 
In   Order : [2,7] [6,4] [7,13] [8,8] [10,2] [15,5] [18,12] [20,1] [25,9] [30,6] [35,14] [40,15] 
Post Order : [2,7] [7,13] [8,8] [6,4] [18,12] [15,5] [10,2] [25,9] [40,15] [35,14] [30,6] [20,1] 
Number of Nodes : 12
Height : 5

get 40
Item 40 15
Pre  Order : [20,1] [10,2] [6,4] [2,7] [8,8] [7,13] [15,5] [18,12] [30,6] [25,9] [35,14] [40,15] 
In   Order : [2,7] [6,4] [7,13] [8,8] [10,2] [15,5] [18,12] [20,1] [25,9] [30,6] [35,14] [40,15] 
Post Order : [2,7] [7,13] [8,8] [6,4] [18,12] [15,5] [10,2] [25,9] [40,15] [35,14] [30,6] [20,1] 
Number of Nodes : 12
Height : 5

del 15
Pre  Order : [20,1] [10,2] [6,4] [2,7] [8,8] [7,13] [18,12] [30,6] [25,9] [35,14] [40,15] 
In   Order : [2,7] [6,4] [7,13] [8,8] [10,2] [18,12] [20,1] [25,9] [30,6] [35,14] [40,15] 
Post Order : [2,7] [7,13] [8,8] [6,4] [18,12] [10,2] [25,9] [40,15] [35,14] [30,6] [20,1] 
Number of Nodes : 11
Height : 5

get 35
Item 35 14
Pre  Order : [20,1] [10,2] [6,4] [2,7] [8,8] [7,13] [18,12] [30,6] [25,9] [35,14] [40,15] 
In   Order : [2,7] [6,4] [7,13] [8,8] [10,2] [18,12] [20,1] [25,9] [30,6] [35,14] [40,15] 
Post Order : [2,7] [7,13] [8,8] [6,4] [18,12] [10,2] [25,9] [40,15] [35,14] [30,6] [20,1] 
Number of Nodes : 11
Height : 5

ins 15 16
Pre  Order : [20,1] [10,2] [6,4] [2,7] [8,8] [7,13] [18,12] [15,16] [30,6] [25,9] [35,14] [40,15] 
In   Order : [2,7] [6,4] [7,13] [8,8] [10,2] [15,16] [18,12] [20,1] [25,9] [30,6] [35,14] [40,15] 
Post Order : [2,7] [7,13] [8,8] [6,4] [15,16] [18,12] [10,2] [25,9] [40,15] [35,14] [30,6] [20,1] 
Number of Nodes : 12
Height : 5

del 10
Pre  Order : [20,1] [8,8] [6,4] [2,7] [7,13] [18,12] [15,16] [30,6] [25,9] [35,14] [40,15] 
In   Order : [2,7] [6,4] [7,13] [8,8] [15,16] [18,12] [20,1] [25,9] [30,6] [35,14] [40,15] 
Post Order : [2,7] [7,13] [6,4] [15,16] [18,12] [8,8] [25,9] [40,15] [35,14] [30,6] [20,1] 
Number of Nodes : 11
Height : 4

get 20
Item 20 1
Pre  Order : [20,1] [8,8] [6,4] [2,7] [7,13] [18,12] [15,16] [30,6] [25,9] [35,14] [40,15] 
In   Order : [2,7] [6,4] [7,13] [8,8] [15,16] [18,12] [20,1] [25,9] [30,6] [35,14] [40,15] 
Post Order : [2,7] [7,13] [6,4] [15,16] [18,12] [8,8] [25,9] [40,15] [35,14] [30,6] [20,1] 
Number of Nodes : 11
Height : 4

ins 10 17
Pre  Order : [20,1] [8,8] [6,4] [2,7] [7,13] [18,12] [15,16] [10,17] [30,6] [25,9] [35,14] [40,15] 
In   Order : [2,7] [6,4] [7,13] [8,8] [10,17] [15,16] [18,12] [20,1] [25,9] [30,6] [35,14] [40,15] 
Post Order : [2,7] [7,13] [6,4] [10,17] [15,16] [18,12] [8,8] [25,9] [40,15] [35,14] [30,6] [20,1] 
Number of Nodes : 12
Height : 5

get 7
Item 7 13
Pre  Order : [20,1] [8,8] [6,4] [2,7] [7,13] [18,12] [15,16] [10,17] [30,6] [25,9] [35,14] [40,15] 
In   Order : [2,7] [6,4] [7,13] [8,8] [10,17] [15,16] [18,12] [20,1] [25,9] [30,6] [35,14] [40,15] 
Post Order : [2,7] [7,13] [6,4] [10,17] [15,16] [18,12] [8,8] [25,9] [40,15] [35,14] [30,6] [20,1] 
Number of Nodes : 12
Height : 5

del 20
Pre  Order : [18,12] [8,8] [6,4] [2,7] [7,13] [15,16] [10,17] [30,6] [25,9] [35,14] [40,15] 
In   Order : [2,7] [6,4] [7,13] [8,8] [10,17] [15,16] [18,12] [25,9] [30,6] [35,14] [40,15] 
Post Order : [2,7] [7,13] [6,4] [10,17] [15,16] [8,8] [25,9] [40,15] [35,14] [30,6] [18,12] 
Number of Nodes : 11
Height : 4

get 15
Item 15 16
Pre  Order : [18,12] [8,8] [6,4] [2,7] [7,13] [15,16] [10,17] [30,6] [25,9] [35,14] [40,15] 
In   Order : [2,7] [6,4] [7,13] [8,8] [10,17] [15,16] [18,12] [25,9] [30,6] [35,14] [40,15] 
Post Order : [2,7] [7,13] [6,4] [10,17] [15,16] [8,8] [25,9] [40,15] [35,14] [30,6] [18,12] 
Number of Nodes : 11
Height : 4

ins 20 18
Pre  Order : [18,12] [8,8] [6,4] [2,7] [7,13] [15,16] [10,17] [30,6] [25,9] [20,18] [35,14] [40,15] 
In   Order : [2,7] [6,4] [7,13] [8,8] [10,17] [15,16] [18,12] [20,18] [25,9] [30,6] [35,14] [40,15] 
Post Order : [2,7] [7,13] [6,4] [10,17] [15,16] [8,8] [20,18] [25,9] [40,15] [35,14] [30,6] [18,12] 
Number of Nodes : 12
Height : 4

get 2
Item 2 7
Pre  Order : [18,12] [8,8] [6,4] [2,7] [7,13] [15,16] [10,17] [30,6] [25,9] [20,18] [35,14] [40,15] 
In   Order : [2,7] [6,4] [7,13] [8,8] [10,17] [15,16] [18,12] [20,18] [25,9] [30,6] [35,14] [40,15] 
Post Order : [2,7] [7,13] [6,4] [10,17] [15,16] [8,8] [20,18] [25,9] [40,15] [35,14] [30,6] [18,12] 
Number of Nodes : 12
Height : 4

quit 