Heap : - 1  2  3  4  11  8  5  6  9  14  19  17  16  15  10  7  18  13  12  20  
Heap : - 2  4  3  6  11  8  5  7  9  14  19  17  16  15  10  20  18  13  12  
Heap : - 3  4  5  6  11  8  10  7  9  14  19  17  16  15  12  20  18  13  
Heap : - 4  6  5  7  11  8  10  13  9  14  19  17  16  15  12  20  18  
5 8 17 16 10 15 12 
Heap : - 4  6  5  7  11  8  10  13  9  14  19  17  16  15  12  20  18  
Heap : - 5  6  8  7  11  16  10  13  9  14  19  17  18  15  12  20  
Heap : - 6  7  8  9  11  16  10  13  20  14  19  17  18  15  12  
Heap : - 7  9  8  12  11  16  10  13  20  14  19  17  18  15  
12 13 20 
Heap : - 7  9  8  12  11  16  10  13  20  14  19  17  18  15  
Heap : - 8  9  10  12  11  16  15  13  20  14  19  17  18  
Heap : - 9  11  10  12  14  16  15  13  20  18  19  17  
Heap : - 10  11  15  12  14  16  17  13  20  18  19  
14 18 19 
Heap : - 10  11  15  12  14  16  17  13  20  18  19  
Heap : - 11  12  15  13  14  16  17  19  20  18  
Heap : - 3  4  5  4  9  15  8  12  5  13  9  23  18  33  21  17  16  15  10  19  
Heap : - 4  4  5  5  9  15  8  12  10  13  9  23  18  33  21  17  16  15  19  
Heap : - 4  5  5  10  9  15  8  12  15  13  9  23  18  33  21  17  16  19  
Heap : - 5  9  5  10  9  15  8  12  15  13  19  23  18  33  21  17  16  
5 15 23 18 8 33 21 
Heap : - 5  9  5  10  9  15  8  12  15  13  19  23  18  33  21  17  16  
Heap : - 5  9  8  10  9  15  16  12  15  13  19  23  18  33  21  17  
