New graph : 9 nodes
Cost Adjacency Matrix
0 0 0 0 0 1 7 0 4 
0 0 1 0 3 0 0 0 0 
0 1 0 4 0 6 5 0 0 
0 0 4 0 0 8 0 0 0 
0 3 0 0 0 0 9 0 0 
1 0 6 8 0 0 0 5 0 
7 0 5 0 9 0 0 2 0 
0 0 0 0 0 5 2 0 0 
4 0 0 0 0 0 0 0 0 
Dfs Started : 0
0-5 : 1
5-2 : 6
2-1 : 1
1-4 : 3
4-6 : 9
6-7 : 2
2-3 : 4
0-8 : 4
Cost Adjacency Matrix
0 0 0 0 0 1 7 0 4 
0 0 1 0 3 0 0 0 0 
0 1 0 4 0 6 5 0 0 
0 0 4 0 0 8 0 0 0 
0 3 0 0 0 0 9 0 0 
1 0 6 8 0 0 0 5 0 
7 0 5 0 9 0 0 2 0 
0 0 0 0 0 5 2 0 0 
4 0 0 0 0 0 0 0 0 
Dfs Started : 1
1-2 : 1
2-3 : 4
3-5 : 8
5-0 : 1
0-6 : 7
6-4 : 9
6-7 : 2
0-8 : 4
Cost Adjacency Matrix
0 0 0 0 0 1 7 0 4 
0 0 1 0 3 0 0 0 0 
0 1 0 4 0 6 5 0 0 
0 0 4 0 0 8 0 0 0 
0 3 0 0 0 0 9 0 0 
1 0 6 8 0 0 0 5 0 
7 0 5 0 9 0 0 2 0 
0 0 0 0 0 5 2 0 0 
4 0 0 0 0 0 0 0 0 
Dfs Started : 2
2-1 : 1
1-4 : 3
4-6 : 9
6-0 : 7
0-5 : 1
5-3 : 8
5-7 : 5
0-8 : 4
Cost Adjacency Matrix
0 0 0 0 0 1 7 0 4 
0 0 1 0 3 0 0 0 0 
0 1 0 4 0 6 5 0 0 
0 0 4 0 0 8 0 0 0 
0 3 0 0 0 0 9 0 0 
1 0 6 8 0 0 0 5 0 
7 0 5 0 9 0 0 2 0 
0 0 0 0 0 5 2 0 0 
4 0 0 0 0 0 0 0 0 
Dfs Started : 3
3-2 : 4
2-1 : 1
1-4 : 3
4-6 : 9
6-0 : 7
0-5 : 1
5-7 : 5
0-8 : 4
Cost Adjacency Matrix
0 0 0 0 0 1 7 0 4 
0 0 1 0 3 0 0 0 0 
0 1 0 4 0 6 5 0 0 
0 0 4 0 0 8 0 0 0 
0 3 0 0 0 0 9 0 0 
1 0 6 8 0 0 0 5 0 
7 0 5 0 9 0 0 2 0 
0 0 0 0 0 5 2 0 0 
4 0 0 0 0 0 0 0 0 
Dfs Started : 4
4-1 : 3
1-2 : 1
2-3 : 4
3-5 : 8
5-0 : 1
0-6 : 7
6-7 : 2
0-8 : 4
Cost Adjacency Matrix
0 0 0 0 0 1 7 0 4 
0 0 1 0 3 0 0 0 0 
0 1 0 4 0 6 5 0 0 
0 0 4 0 0 8 0 0 0 
0 3 0 0 0 0 9 0 0 
1 0 6 8 0 0 0 5 0 
7 0 5 0 9 0 0 2 0 
0 0 0 0 0 5 2 0 0 
4 0 0 0 0 0 0 0 0 
Dfs Started : 5
5-0 : 1
0-6 : 7
6-2 : 5
2-1 : 1
1-4 : 3
2-3 : 4
6-7 : 2
0-8 : 4
Cost Adjacency Matrix
0 0 0 0 0 1 7 0 4 
0 0 1 0 3 0 0 0 0 
0 1 0 4 0 6 5 0 0 
0 0 4 0 0 8 0 0 0 
0 3 0 0 0 0 9 0 0 
1 0 6 8 0 0 0 5 0 
7 0 5 0 9 0 0 2 0 
0 0 0 0 0 5 2 0 0 
4 0 0 0 0 0 0 0 0 
Dfs Started : 6
6-0 : 7
0-5 : 1
5-2 : 6
2-1 : 1
1-4 : 3
2-3 : 4
5-7 : 5
0-8 : 4
Cost Adjacency Matrix
0 0 0 0 0 1 7 0 4 
0 0 1 0 3 0 0 0 0 
0 1 0 4 0 6 5 0 0 
0 0 4 0 0 8 0 0 0 
0 3 0 0 0 0 9 0 0 
1 0 6 8 0 0 0 5 0 
7 0 5 0 9 0 0 2 0 
0 0 0 0 0 5 2 0 0 
4 0 0 0 0 0 0 0 0 
Dfs Started : 7
7-5 : 5
5-0 : 1
0-6 : 7
6-2 : 5
2-1 : 1
1-4 : 3
2-3 : 4
0-8 : 4
Cost Adjacency Matrix
0 0 0 0 0 1 7 0 4 
0 0 1 0 3 0 0 0 0 
0 1 0 4 0 6 5 0 0 
0 0 4 0 0 8 0 0 0 
0 3 0 0 0 0 9 0 0 
1 0 6 8 0 0 0 5 0 
7 0 5 0 9 0 0 2 0 
0 0 0 0 0 5 2 0 0 
4 0 0 0 0 0 0 0 0 
Dfs Started : 8
8-0 : 4
0-5 : 1
5-2 : 6
2-1 : 1
1-4 : 3
4-6 : 9
6-7 : 2
2-3 : 4
New graph : 10 nodes
Cost Adjacency Matrix
0 0 0 0 0 5 7 0 4 0 
0 0 4 0 3 0 0 0 0 0 
0 4 0 1 0 6 3 0 0 0 
0 0 1 0 0 8 0 0 0 3 
0 3 0 0 0 0 9 0 0 0 
5 0 6 8 0 0 0 3 0 7 
7 0 3 0 9 0 0 2 0 0 
0 0 0 0 0 3 2 0 0 0 
4 0 0 0 0 0 0 0 0 0 
0 0 0 3 0 7 0 0 0 0 
Dfs Started : 0
0-5 : 5
5-2 : 6
2-1 : 4
1-4 : 3
4-6 : 9
6-7 : 2
2-3 : 1
3-9 : 3
0-8 : 4
Cost Adjacency Matrix
0 0 0 0 0 5 7 0 4 0 
0 0 4 0 3 0 0 0 0 0 
0 4 0 1 0 6 3 0 0 0 
0 0 1 0 0 8 0 0 0 3 
0 3 0 0 0 0 9 0 0 0 
5 0 6 8 0 0 0 3 0 7 
7 0 3 0 9 0 0 2 0 0 
0 0 0 0 0 3 2 0 0 0 
4 0 0 0 0 0 0 0 0 0 
0 0 0 3 0 7 0 0 0 0 
Dfs Started : 1
1-2 : 4
2-3 : 1
3-5 : 8
5-0 : 5
0-6 : 7
6-4 : 9
6-7 : 2
0-8 : 4
5-9 : 7
Cost Adjacency Matrix
0 0 0 0 0 5 7 0 4 0 
0 0 4 0 3 0 0 0 0 0 
0 4 0 1 0 6 3 0 0 0 
0 0 1 0 0 8 0 0 0 3 
0 3 0 0 0 0 9 0 0 0 
5 0 6 8 0 0 0 3 0 7 
7 0 3 0 9 0 0 2 0 0 
0 0 0 0 0 3 2 0 0 0 
4 0 0 0 0 0 0 0 0 0 
0 0 0 3 0 7 0 0 0 0 
Dfs Started : 2
2-1 : 4
1-4 : 3
4-6 : 9
6-0 : 7
0-5 : 5
5-3 : 8
3-9 : 3
5-7 : 3
0-8 : 4
Cost Adjacency Matrix
0 0 0 0 0 5 7 0 4 0 
0 0 4 0 3 0 0 0 0 0 
0 4 0 1 0 6 3 0 0 0 
0 0 1 0 0 8 0 0 0 3 
0 3 0 0 0 0 9 0 0 0 
5 0 6 8 0 0 0 3 0 7 
7 0 3 0 9 0 0 2 0 0 
0 0 0 0 0 3 2 0 0 0 
4 0 0 0 0 0 0 0 0 0 
0 0 0 3 0 7 0 0 0 0 
Dfs Started : 3
3-2 : 1
2-1 : 4
1-4 : 3
4-6 : 9
6-0 : 7
0-5 : 5
5-7 : 3
5-9 : 7
0-8 : 4
Cost Adjacency Matrix
0 0 0 0 0 5 7 0 4 0 
0 0 4 0 3 0 0 0 0 0 
0 4 0 1 0 6 3 0 0 0 
0 0 1 0 0 8 0 0 0 3 
0 3 0 0 0 0 9 0 0 0 
5 0 6 8 0 0 0 3 0 7 
7 0 3 0 9 0 0 2 0 0 
0 0 0 0 0 3 2 0 0 0 
4 0 0 0 0 0 0 0 0 0 
0 0 0 3 0 7 0 0 0 0 
Dfs Started : 4
4-1 : 3
1-2 : 4
2-3 : 1
3-5 : 8
5-0 : 5
0-6 : 7
6-7 : 2
0-8 : 4
5-9 : 7
Cost Adjacency Matrix
0 0 0 0 0 5 7 0 4 0 
0 0 4 0 3 0 0 0 0 0 
0 4 0 1 0 6 3 0 0 0 
0 0 1 0 0 8 0 0 0 3 
0 3 0 0 0 0 9 0 0 0 
5 0 6 8 0 0 0 3 0 7 
7 0 3 0 9 0 0 2 0 0 
0 0 0 0 0 3 2 0 0 0 
4 0 0 0 0 0 0 0 0 0 
0 0 0 3 0 7 0 0 0 0 
Dfs Started : 5
5-0 : 5
0-6 : 7
6-2 : 3
2-1 : 4
1-4 : 3
2-3 : 1
3-9 : 3
6-7 : 2
0-8 : 4
Cost Adjacency Matrix
0 0 0 0 0 5 7 0 4 0 
0 0 4 0 3 0 0 0 0 0 
0 4 0 1 0 6 3 0 0 0 
0 0 1 0 0 8 0 0 0 3 
0 3 0 0 0 0 9 0 0 0 
5 0 6 8 0 0 0 3 0 7 
7 0 3 0 9 0 0 2 0 0 
0 0 0 0 0 3 2 0 0 0 
4 0 0 0 0 0 0 0 0 0 
0 0 0 3 0 7 0 0 0 0 
Dfs Started : 6
6-0 : 7
0-5 : 5
5-2 : 6
2-1 : 4
1-4 : 3
2-3 : 1
3-9 : 3
5-7 : 3
0-8 : 4
Cost Adjacency Matrix
0 0 0 0 0 5 7 0 4 0 
0 0 4 0 3 0 0 0 0 0 
0 4 0 1 0 6 3 0 0 0 
0 0 1 0 0 8 0 0 0 3 
0 3 0 0 0 0 9 0 0 0 
5 0 6 8 0 0 0 3 0 7 
7 0 3 0 9 0 0 2 0 0 
0 0 0 0 0 3 2 0 0 0 
4 0 0 0 0 0 0 0 0 0 
0 0 0 3 0 7 0 0 0 0 
Dfs Started : 7
7-5 : 3
5-0 : 5
0-6 : 7
6-2 : 3
2-1 : 4
1-4 : 3
2-3 : 1
3-9 : 3
0-8 : 4
Cost Adjacency Matrix
0 0 0 0 0 5 7 0 4 0 
0 0 4 0 3 0 0 0 0 0 
0 4 0 1 0 6 3 0 0 0 
0 0 1 0 0 8 0 0 0 3 
0 3 0 0 0 0 9 0 0 0 
5 0 6 8 0 0 0 3 0 7 
7 0 3 0 9 0 0 2 0 0 
0 0 0 0 0 3 2 0 0 0 
4 0 0 0 0 0 0 0 0 0 
0 0 0 3 0 7 0 0 0 0 
Dfs Started : 8
8-0 : 4
0-5 : 5
5-2 : 6
2-1 : 4
1-4 : 3
4-6 : 9
6-7 : 2
2-3 : 1
3-9 : 3
Cost Adjacency Matrix
0 0 0 0 0 5 7 0 4 0 
0 0 4 0 3 0 0 0 0 0 
0 4 0 1 0 6 3 0 0 0 
0 0 1 0 0 8 0 0 0 3 
0 3 0 0 0 0 9 0 0 0 
5 0 6 8 0 0 0 3 0 7 
7 0 3 0 9 0 0 2 0 0 
0 0 0 0 0 3 2 0 0 0 
4 0 0 0 0 0 0 0 0 0 
0 0 0 3 0 7 0 0 0 0 
Dfs Started : 9
9-3 : 3
3-2 : 1
2-1 : 4
1-4 : 3
4-6 : 9
6-0 : 7
0-5 : 5
5-7 : 3
0-8 : 4
